{
  "RSpec": {
    "coverage": {
      "/Users/UsmaanJ/Desktop/Projects/martial_nation/spec/features/user_feature_spec.rb": [
        1,
        null,
        1,
        1,
        1,
        1,
        null,
        null,
        1,
        1,
        1,
        null,
        null
      ],
      "/Users/UsmaanJ/Desktop/Projects/martial_nation/app/controllers/application_controller.rb": [
        1,
        null,
        null,
        1,
        null
      ],
      "/Users/UsmaanJ/Desktop/Projects/martial_nation/app/controllers/posts_controller.rb": [
        1,
        1,
        null,
        1,
        5,
        null,
        null,
        1,
        4,
        null,
        null,
        1,
        3,
        null,
        null,
        1,
        3,
        null,
        3,
        3,
        null,
        0,
        null,
        null,
        null,
        1,
        null,
        null,
        1,
        1,
        1,
        null,
        0,
        null,
        null,
        null,
        1,
        1,
        1,
        null,
        null,
        1,
        null,
        1,
        4,
        null,
        null,
        1,
        7,
        null,
        null
      ],
      "/Users/UsmaanJ/Desktop/Projects/martial_nation/app/models/post.rb": [
        1,
        1,
        null
      ]
    },
    "timestamp": 1448537774
  }
}
